{
  "stats": {
    "suites": 12,
    "tests": 41,
    "passes": 21,
    "pending": 0,
    "failures": 20,
    "start": "2021-09-12T19:52:45.458Z",
    "end": "2021-09-12T19:54:16.663Z",
    "duration": 91205,
    "testsRegistered": 41,
    "passPercent": 51.21951219512195,
    "pendingPercent": 0,
    "other": 0,
    "hasOther": false,
    "skipped": 0,
    "hasSkipped": false
  },
  "results": [
    {
      "uuid": "d450cad0-0deb-482a-a4b1-394c7e5b2f1e",
      "title": "",
      "fullFile": "cypress/integration/project.spec.js",
      "file": "cypress/integration/project.spec.js",
      "beforeHooks": [],
      "afterHooks": [],
      "tests": [],
      "suites": [
        {
          "uuid": "8a92ce50-3829-49be-a1e0-abd5ec2da5e0",
          "title": "1 - Adicione à página o título \"Paleta de Cores\".",
          "fullFile": "",
          "file": "",
          "beforeHooks": [],
          "afterHooks": [],
          "tests": [
            {
              "title": "Verifica se contém um elemento `h1` com o id `title` com o título correto",
              "fullTitle": "1 - Adicione à página o título \"Paleta de Cores\". Verifica se contém um elemento `h1` com o id `title` com o título correto",
              "timedOut": null,
              "duration": 282,
              "state": "passed",
              "speed": "slow",
              "pass": true,
              "fail": false,
              "pending": false,
              "context": null,
              "code": "cy.get('h1#title').should('contain.text', 'Paleta de Cores');",
              "err": {},
              "uuid": "5bf114a6-2df9-4cb5-a4ea-f8839da4133c",
              "parentUUID": "8a92ce50-3829-49be-a1e0-abd5ec2da5e0",
              "isHook": false,
              "skipped": false
            }
          ],
          "suites": [],
          "passes": [
            "5bf114a6-2df9-4cb5-a4ea-f8839da4133c"
          ],
          "failures": [],
          "pending": [],
          "skipped": [],
          "duration": 282,
          "root": false,
          "rootEmpty": false,
          "_timeout": 2000
        },
        {
          "uuid": "cc939f39-ed09-466b-882f-3a11ca6cf0f6",
          "title": "2 - Adicione à página uma paleta de quatro cores distintas.",
          "fullFile": "",
          "file": "",
          "beforeHooks": [],
          "afterHooks": [],
          "tests": [
            {
              "title": "A paleta de cores deve ser um elemento com `id` denominado `color-palette`",
              "fullTitle": "2 - Adicione à página uma paleta de quatro cores distintas. A paleta de cores deve ser um elemento com `id` denominado `color-palette`",
              "timedOut": null,
              "duration": 83,
              "state": "passed",
              "speed": "slow",
              "pass": true,
              "fail": false,
              "pending": false,
              "context": null,
              "code": "cy.get('#color-palette').should('be.visible');\ncy.get('#color-palette').children('.color');",
              "err": {},
              "uuid": "6f3faeb1-9d57-4f65-8333-e1806a20362d",
              "parentUUID": "cc939f39-ed09-466b-882f-3a11ca6cf0f6",
              "isHook": false,
              "skipped": false
            },
            {
              "title": "Verifica se cada cor individual da paleta de cores possui a `classe` chamada `color`.",
              "fullTitle": "2 - Adicione à página uma paleta de quatro cores distintas. Verifica se cada cor individual da paleta de cores possui a `classe` chamada `color`.",
              "timedOut": null,
              "duration": 114,
              "state": "passed",
              "speed": "slow",
              "pass": true,
              "fail": false,
              "pending": false,
              "context": null,
              "code": "cy.get('.color').should('have.length', 4).then(function (colors) {\n  for (var i = 0; i < colors.length; i++) {\n    cy.wrap(colors[i]).should('be.visible');\n  }\n});",
              "err": {},
              "uuid": "0bdd2539-28bd-42f0-8eb0-2ae748057a9e",
              "parentUUID": "cc939f39-ed09-466b-882f-3a11ca6cf0f6",
              "isHook": false,
              "skipped": false
            },
            {
              "title": "Verifica se a cor de fundo de cada elemento da paleta é a cor que o elemento representa. **A única cor não permitida na paleta é a cor branca.**",
              "fullTitle": "2 - Adicione à página uma paleta de quatro cores distintas. Verifica se a cor de fundo de cada elemento da paleta é a cor que o elemento representa. **A única cor não permitida na paleta é a cor branca.**",
              "timedOut": null,
              "duration": 109,
              "state": "passed",
              "speed": "slow",
              "pass": true,
              "fail": false,
              "pending": false,
              "context": null,
              "code": "cy.get('.color').each(function (color) {\n  cy.wrap(color).should('have.class', 'color').and('not.have.css', 'background-color', WHITE);\n  cy.wrap(color).should('have.css', 'background-color');\n});",
              "err": {},
              "uuid": "fbe3a10e-172e-43ab-90d5-d79e9f387499",
              "parentUUID": "cc939f39-ed09-466b-882f-3a11ca6cf0f6",
              "isHook": false,
              "skipped": false
            },
            {
              "title": "Verifica se cada elemento da paleta de cores tem uma borda preta, sólida e com 1 pixel de largura;",
              "fullTitle": "2 - Adicione à página uma paleta de quatro cores distintas. Verifica se cada elemento da paleta de cores tem uma borda preta, sólida e com 1 pixel de largura;",
              "timedOut": null,
              "duration": 80,
              "state": "passed",
              "speed": "slow",
              "pass": true,
              "fail": false,
              "pending": false,
              "context": null,
              "code": "cy.get('.color').each(function (color) {\n  cy.wrap(color).and('have.css', 'border', \"1px solid \".concat(BLACK)).and('have.class', 'color');\n});",
              "err": {},
              "uuid": "8c61a456-b31d-4dab-877f-f1e8b017571c",
              "parentUUID": "cc939f39-ed09-466b-882f-3a11ca6cf0f6",
              "isHook": false,
              "skipped": false
            },
            {
              "title": "Verifica se a paleta lista todas as cores disponíveis para utilização, lado a lado.",
              "fullTitle": "2 - Adicione à página uma paleta de quatro cores distintas. Verifica se a paleta lista todas as cores disponíveis para utilização, lado a lado.",
              "timedOut": null,
              "duration": 117,
              "state": "passed",
              "speed": "slow",
              "pass": true,
              "fail": false,
              "pending": false,
              "context": null,
              "code": "cy.get('.color').then(function (colors) {\n  for (var index = 1; index < colors.length; index += 1) {\n    var currentColor = colors[index];\n    var previousColor = colors[index - 1];\n    cy.wrap(currentColor).should('be.onTheRightOf', previousColor).and('be.horizontallyAlignedWith', previousColor);\n  }\n});",
              "err": {},
              "uuid": "8e52cf67-e239-456d-94f8-8100bf71996c",
              "parentUUID": "cc939f39-ed09-466b-882f-3a11ca6cf0f6",
              "isHook": false,
              "skipped": false
            },
            {
              "title": "Verifica se a paleta de cores está posicionada abaixo do título 'Paleta de Cores'",
              "fullTitle": "2 - Adicione à página uma paleta de quatro cores distintas. Verifica se a paleta de cores está posicionada abaixo do título 'Paleta de Cores'",
              "timedOut": null,
              "duration": 121,
              "state": "passed",
              "speed": "slow",
              "pass": true,
              "fail": false,
              "pending": false,
              "context": null,
              "code": "cy.get('h1#title').then(function (title) {\n  cy.get('#color-palette').should('be.belowOf', title);\n});",
              "err": {},
              "uuid": "abe9234c-47f1-45ba-aa9b-900fa9abc455",
              "parentUUID": "cc939f39-ed09-466b-882f-3a11ca6cf0f6",
              "isHook": false,
              "skipped": false
            },
            {
              "title": "Verifica se a paleta de cores não contém cores repetidas.",
              "fullTitle": "2 - Adicione à página uma paleta de quatro cores distintas. Verifica se a paleta de cores não contém cores repetidas.",
              "timedOut": null,
              "duration": 69,
              "state": "passed",
              "speed": "medium",
              "pass": true,
              "fail": false,
              "pending": false,
              "context": null,
              "code": "cy.get('.color').then(function (colors) {\n  var allColors = Array.from(colors).map(function (color) {\n    return Cypress.$(color).css('background-color');\n  });\n  cy.log(allColors);\n  var uniqColors = (0, _toConsumableArray2[\"default\"])(new Set(allColors));\n  cy.log(uniqColors);\n  expect(allColors.length).to.eq(uniqColors.length);\n});",
              "err": {},
              "uuid": "abebcff2-d222-4086-a0a1-17dddb9ea26c",
              "parentUUID": "cc939f39-ed09-466b-882f-3a11ca6cf0f6",
              "isHook": false,
              "skipped": false
            }
          ],
          "suites": [],
          "passes": [
            "6f3faeb1-9d57-4f65-8333-e1806a20362d",
            "0bdd2539-28bd-42f0-8eb0-2ae748057a9e",
            "fbe3a10e-172e-43ab-90d5-d79e9f387499",
            "8c61a456-b31d-4dab-877f-f1e8b017571c",
            "8e52cf67-e239-456d-94f8-8100bf71996c",
            "abe9234c-47f1-45ba-aa9b-900fa9abc455",
            "abebcff2-d222-4086-a0a1-17dddb9ea26c"
          ],
          "failures": [],
          "pending": [],
          "skipped": [],
          "duration": 693,
          "root": false,
          "rootEmpty": false,
          "_timeout": 2000
        },
        {
          "uuid": "dcd28b99-343d-4826-943e-37431d3c23a2",
          "title": "3 - Adicione a cor **preta** como a primeira cor da paleta de cores.",
          "fullFile": "",
          "file": "",
          "beforeHooks": [],
          "afterHooks": [],
          "tests": [
            {
              "title": "Verifica se a primeira cor da paleta é preta",
              "fullTitle": "3 - Adicione a cor **preta** como a primeira cor da paleta de cores. Verifica se a primeira cor da paleta é preta",
              "timedOut": null,
              "duration": 72,
              "state": "passed",
              "speed": "medium",
              "pass": true,
              "fail": false,
              "pending": false,
              "context": null,
              "code": "cy.get('.color').first().should('have.css', 'background-color', BLACK);",
              "err": {},
              "uuid": "2a685126-d467-4016-a7e4-a2f5eb7b1e3f",
              "parentUUID": "dcd28b99-343d-4826-943e-37431d3c23a2",
              "isHook": false,
              "skipped": false
            },
            {
              "title": "Verifica se as demais cores podem ser escolhidas livremente.",
              "fullTitle": "3 - Adicione a cor **preta** como a primeira cor da paleta de cores. Verifica se as demais cores podem ser escolhidas livremente.",
              "timedOut": null,
              "duration": 119,
              "state": "passed",
              "speed": "slow",
              "pass": true,
              "fail": false,
              "pending": false,
              "context": null,
              "code": "cy.get('.color').eq(1).should('not.have.css', 'background-color', BLACK);\ncy.get('.color').eq(1).should('not.have.css', 'background-color', WHITE);\ncy.get('.color').eq(1).should('not.have.css', 'background-color', 'rgba(0, 0, 0, 0)');\ncy.get('.color').eq(1).should('have.css', 'background-color');\ncy.get('.color').eq(2).should('not.have.css', 'background-color', BLACK);\ncy.get('.color').eq(2).should('not.have.css', 'background-color', WHITE);\ncy.get('.color').eq(2).should('not.have.css', 'background-color', 'rgba(0, 0, 0, 0)');\ncy.get('.color').eq(2).should('have.css', 'background-color');\ncy.get('.color').eq(3).should('not.have.css', 'background-color', BLACK);\ncy.get('.color').eq(3).should('not.have.css', 'background-color', WHITE);\ncy.get('.color').eq(3).should('not.have.css', 'background-color', 'rgba(0, 0, 0, 0)');\ncy.get('.color').eq(3).should('have.css', 'background-color');",
              "err": {},
              "uuid": "5fbbccdb-45af-4a08-b514-76fe42d96e23",
              "parentUUID": "dcd28b99-343d-4826-943e-37431d3c23a2",
              "isHook": false,
              "skipped": false
            }
          ],
          "suites": [],
          "passes": [
            "2a685126-d467-4016-a7e4-a2f5eb7b1e3f",
            "5fbbccdb-45af-4a08-b514-76fe42d96e23"
          ],
          "failures": [],
          "pending": [],
          "skipped": [],
          "duration": 191,
          "root": false,
          "rootEmpty": false,
          "_timeout": 2000
        },
        {
          "uuid": "f35e2b7f-2de6-4f9d-b74c-4436d05f5e5f",
          "title": "4 - Adicione à página um quadro de pixels, com 25 pixels.",
          "fullFile": "",
          "file": "",
          "beforeHooks": [],
          "afterHooks": [],
          "tests": [
            {
              "title": "Verifica se o quadro de pixels possui o `id` denominado `pixel-board`",
              "fullTitle": "4 - Adicione à página um quadro de pixels, com 25 pixels. Verifica se o quadro de pixels possui o `id` denominado `pixel-board`",
              "timedOut": null,
              "duration": 61,
              "state": "passed",
              "speed": "medium",
              "pass": true,
              "fail": false,
              "pending": false,
              "context": null,
              "code": "cy.get('#pixel-board').should('be.visible');",
              "err": {},
              "uuid": "5e4fa317-62fa-43da-a6bf-47e904dcb1a7",
              "parentUUID": "f35e2b7f-2de6-4f9d-b74c-4436d05f5e5f",
              "isHook": false,
              "skipped": false
            },
            {
              "title": "Verifica se cada pixel individual dentro do quadro possui a `classe` denominada `pixel`.",
              "fullTitle": "4 - Adicione à página um quadro de pixels, com 25 pixels. Verifica se cada pixel individual dentro do quadro possui a `classe` denominada `pixel`.",
              "timedOut": null,
              "duration": 83,
              "state": "passed",
              "speed": "slow",
              "pass": true,
              "fail": false,
              "pending": false,
              "context": null,
              "code": "cy.get('.pixel').should('have.length', 25);",
              "err": {},
              "uuid": "6fff6a77-1016-459c-b759-9536823e52d3",
              "parentUUID": "f35e2b7f-2de6-4f9d-b74c-4436d05f5e5f",
              "isHook": false,
              "skipped": false
            },
            {
              "title": "Verifica se a cor inicial dos pixels dentro do quadro, ao abrir a página, é branca.",
              "fullTitle": "4 - Adicione à página um quadro de pixels, com 25 pixels. Verifica se a cor inicial dos pixels dentro do quadro, ao abrir a página, é branca.",
              "timedOut": null,
              "duration": 119,
              "state": "passed",
              "speed": "slow",
              "pass": true,
              "fail": false,
              "pending": false,
              "context": null,
              "code": "cy.get('.pixel').should('have.length', 25).each(function (pixel) {\n  expect(pixel).to.have.css('background-color', WHITE);\n});",
              "err": {},
              "uuid": "fedac90c-6d92-4877-bc04-8915ccff8721",
              "parentUUID": "f35e2b7f-2de6-4f9d-b74c-4436d05f5e5f",
              "isHook": false,
              "skipped": false
            },
            {
              "title": "Verifica se o quadro de pixels aparece abaixo da paleta de cores",
              "fullTitle": "4 - Adicione à página um quadro de pixels, com 25 pixels. Verifica se o quadro de pixels aparece abaixo da paleta de cores",
              "timedOut": null,
              "duration": 86,
              "state": "passed",
              "speed": "slow",
              "pass": true,
              "fail": false,
              "pending": false,
              "context": null,
              "code": "cy.get('#color-palette').then(function (palette) {\n  cy.get('#pixel-board').should('be.belowOf', palette);\n});",
              "err": {},
              "uuid": "63e5b00f-df5f-4a3a-9ba0-52633da33a98",
              "parentUUID": "f35e2b7f-2de6-4f9d-b74c-4436d05f5e5f",
              "isHook": false,
              "skipped": false
            }
          ],
          "suites": [],
          "passes": [
            "5e4fa317-62fa-43da-a6bf-47e904dcb1a7",
            "6fff6a77-1016-459c-b759-9536823e52d3",
            "fedac90c-6d92-4877-bc04-8915ccff8721",
            "63e5b00f-df5f-4a3a-9ba0-52633da33a98"
          ],
          "failures": [],
          "pending": [],
          "skipped": [],
          "duration": 349,
          "root": false,
          "rootEmpty": false,
          "_timeout": 2000
        },
        {
          "uuid": "4e3874ed-897f-4fc5-8c3e-988627291a21",
          "title": "5 - Faça com que cada elemento do quadro de pixels possua 40 pixels de largura, 40 pixels de altura e seja delimitado por uma borda preta de 1 pixel.",
          "fullFile": "",
          "file": "",
          "beforeHooks": [],
          "afterHooks": [],
          "tests": [
            {
              "title": "Verifica se o quadro de pixels tem altura e comprimento de 5 elementos",
              "fullTitle": "5 - Faça com que cada elemento do quadro de pixels possua 40 pixels de largura, 40 pixels de altura e seja delimitado por uma borda preta de 1 pixel. Verifica se o quadro de pixels tem altura e comprimento de 5 elementos",
              "timedOut": null,
              "duration": 208,
              "state": "passed",
              "speed": "slow",
              "pass": true,
              "fail": false,
              "pending": false,
              "context": null,
              "code": "cy.get('.pixel').should('have.length', 25).each(function (pixel) {\n  expect(pixel).to.have.css('background-color', WHITE);\n}).and(function (pixels) {\n  var rows = chunk(pixels, 5);\n  rows.forEach(function (row) {\n    for (var index = 1; index < row.length; index += 1) {\n      var current = pixels[index];\n      var previous = pixels[index - 1];\n      cy.wrap(current).should('be.onTheRightOf', previous).and('be.horizontallyAlignedWith', previous);\n    }\n  });\n  for (var index = 1; index < 5; index += 1) {\n    expect(pixels[index * 5]).to.be.belowOf(pixels[(index - 1) * 5]);\n  }\n});",
              "err": {},
              "uuid": "6ad3dfd2-8fc4-4215-b57b-28950037849c",
              "parentUUID": "4e3874ed-897f-4fc5-8c3e-988627291a21",
              "isHook": false,
              "skipped": false
            },
            {
              "title": "Verifica se 40 pixels é o tamanho total do elemento, incluindo seu conteúdo e excluindo a borda preta, que deve ser criada à parte.",
              "fullTitle": "5 - Faça com que cada elemento do quadro de pixels possua 40 pixels de largura, 40 pixels de altura e seja delimitado por uma borda preta de 1 pixel. Verifica se 40 pixels é o tamanho total do elemento, incluindo seu conteúdo e excluindo a borda preta, que deve ser criada à parte.",
              "timedOut": null,
              "duration": 207,
              "state": "passed",
              "speed": "slow",
              "pass": true,
              "fail": false,
              "pending": false,
              "context": null,
              "code": "cy.get('.pixel').each(function (pixel) {\n  cy.wrap(pixel).should('have.css', 'height', '40px').and('have.css', 'width', '40px').and('have.css', 'border', \"1px solid \".concat(BLACK));\n});",
              "err": {},
              "uuid": "7e333e0d-40cf-4bcb-8cfa-45ff04661001",
              "parentUUID": "4e3874ed-897f-4fc5-8c3e-988627291a21",
              "isHook": false,
              "skipped": false
            }
          ],
          "suites": [],
          "passes": [
            "6ad3dfd2-8fc4-4215-b57b-28950037849c",
            "7e333e0d-40cf-4bcb-8cfa-45ff04661001"
          ],
          "failures": [],
          "pending": [],
          "skipped": [],
          "duration": 415,
          "root": false,
          "rootEmpty": false,
          "_timeout": 2000
        },
        {
          "uuid": "f26869af-0081-4dd4-a646-5179a459ec59",
          "title": "6 - Defina a cor preta como cor inicial. Ao carregar a página a cor preta já deve estar selecionada para pintar os pixels",
          "fullFile": "",
          "file": "",
          "beforeHooks": [],
          "afterHooks": [],
          "tests": [
            {
              "title": "Verifica se o elemento da cor preta possui, inicialmente, a `classe` `selected`",
              "fullTitle": "6 - Defina a cor preta como cor inicial. Ao carregar a página a cor preta já deve estar selecionada para pintar os pixels Verifica se o elemento da cor preta possui, inicialmente, a `classe` `selected`",
              "timedOut": null,
              "duration": 89,
              "state": "passed",
              "speed": "slow",
              "pass": true,
              "fail": false,
              "pending": false,
              "context": null,
              "code": "cy.get('.selected').first().should('have.css', 'background-color', BLACK);",
              "err": {},
              "uuid": "b7f769b4-d8f5-4e4c-b0b7-22d841fab4b5",
              "parentUUID": "f26869af-0081-4dd4-a646-5179a459ec59",
              "isHook": false,
              "skipped": false
            },
            {
              "title": "Verifica se nenhuma outra cor da paleta tem a `classe` `selected`",
              "fullTitle": "6 - Defina a cor preta como cor inicial. Ao carregar a página a cor preta já deve estar selecionada para pintar os pixels Verifica se nenhuma outra cor da paleta tem a `classe` `selected`",
              "timedOut": null,
              "duration": 62,
              "state": "passed",
              "speed": "medium",
              "pass": true,
              "fail": false,
              "pending": false,
              "context": null,
              "code": "cy.get('.color:not(:first-child)').each(function (color) {\n  cy.wrap(color).should('not.have.class', 'selected');\n});",
              "err": {},
              "uuid": "a92ddede-fbd5-4bac-88f9-196b81e8f546",
              "parentUUID": "f26869af-0081-4dd4-a646-5179a459ec59",
              "isHook": false,
              "skipped": false
            }
          ],
          "suites": [],
          "passes": [
            "b7f769b4-d8f5-4e4c-b0b7-22d841fab4b5",
            "a92ddede-fbd5-4bac-88f9-196b81e8f546"
          ],
          "failures": [],
          "pending": [],
          "skipped": [],
          "duration": 151,
          "root": false,
          "rootEmpty": false,
          "_timeout": 2000
        },
        {
          "uuid": "e059e7ae-7696-4aba-9973-1dd7b5855e69",
          "title": "7 - Clicar em uma das cores da paleta, faz com que ela seja selecionada e utilizada para preencher os pixels no quadro.",
          "fullFile": "",
          "file": "",
          "beforeHooks": [],
          "afterHooks": [],
          "tests": [
            {
              "title": "Verifica se somente uma cor da paleta de cores tem a classe `selected` de cada vez",
              "fullTitle": "7 - Clicar em uma das cores da paleta, faz com que ela seja selecionada e utilizada para preencher os pixels no quadro. Verifica se somente uma cor da paleta de cores tem a classe `selected` de cada vez",
              "timedOut": null,
              "duration": 441,
              "state": "passed",
              "speed": "slow",
              "pass": true,
              "fail": false,
              "pending": false,
              "context": null,
              "code": "cy.get('.color').each(function (selectedColor, selectedColorIndex) {\n  cy.wrap(selectedColor).click();\n  cy.get('.color').each(function (color, colorIndex) {\n    if (colorIndex === selectedColorIndex) {\n      expect(color).to.have[\"class\"]('selected');\n    } else {\n      expect(color).not.to.have[\"class\"]('selected');\n    }\n  });\n});",
              "err": {},
              "uuid": "e9cce483-eb0c-46c0-a77c-787bc9d38269",
              "parentUUID": "e059e7ae-7696-4aba-9973-1dd7b5855e69",
              "isHook": false,
              "skipped": false
            },
            {
              "title": "Verifica se os pixels dentro do quadro não têm a classe `selected` quando são clicados",
              "fullTitle": "7 - Clicar em uma das cores da paleta, faz com que ela seja selecionada e utilizada para preencher os pixels no quadro. Verifica se os pixels dentro do quadro não têm a classe `selected` quando são clicados",
              "timedOut": null,
              "duration": 8967,
              "state": "passed",
              "speed": "slow",
              "pass": true,
              "fail": false,
              "pending": false,
              "context": null,
              "code": "cy.get('.color').each(function (color) {\n  var backgroundColor = color.css('background-color');\n  cy.wrap(color).click();\n  cy.get('.pixel').each(function (pixel) {\n    cy.wrap(pixel).click().should('not.have.class', 'selected');\n  });\n});",
              "err": {},
              "uuid": "512dc395-2595-45eb-8194-76974f51efc1",
              "parentUUID": "e059e7ae-7696-4aba-9973-1dd7b5855e69",
              "isHook": false,
              "skipped": false
            }
          ],
          "suites": [],
          "passes": [
            "e9cce483-eb0c-46c0-a77c-787bc9d38269",
            "512dc395-2595-45eb-8194-76974f51efc1"
          ],
          "failures": [],
          "pending": [],
          "skipped": [],
          "duration": 9408,
          "root": false,
          "rootEmpty": false,
          "_timeout": 2000
        },
        {
          "uuid": "39682a67-fc0b-46dd-8533-d29c2ffcd047",
          "title": "8 - Clicar em um pixel dentro do quadro após selecionar uma cor na paleta, faz com que o pixel seja preenchido com a cor selecionada.",
          "fullFile": "",
          "file": "",
          "beforeHooks": [],
          "afterHooks": [],
          "tests": [
            {
              "title": "Verifica se ao carregar a página deve ser possível pintar os pixels de preto",
              "fullTitle": "8 - Clicar em um pixel dentro do quadro após selecionar uma cor na paleta, faz com que o pixel seja preenchido com a cor selecionada. Verifica se ao carregar a página deve ser possível pintar os pixels de preto",
              "timedOut": null,
              "duration": 4385,
              "state": "failed",
              "speed": null,
              "pass": false,
              "fail": true,
              "pending": false,
              "context": null,
              "code": "cy.get('.pixel').each(function (pixel) {\n  cy.wrap(pixel).click().should('have.css', 'background-color', BLACK);\n});",
              "err": {
                "message": "CypressError: Timed out retrying: expected '<div.pixel>' to have CSS property 'background-color' with the value 'rgb(0, 0, 0)', but the value was 'rgb(255, 255, 255)'",
                "estack": "CypressError: Timed out retrying: expected '<div.pixel>' to have CSS property 'background-color' with the value 'rgb(0, 0, 0)', but the value was 'rgb(255, 255, 255)'\n    at cypressErr (http://localhost:46261/__cypress/runner/cypress_runner.js:149934:9)\n    at throwErr (http://localhost:46261/__cypress/runner/cypress_runner.js:149867:11)\n    at Object.throwErrByPath (http://localhost:46261/__cypress/runner/cypress_runner.js:149915:3)\n    at retry (http://localhost:46261/__cypress/runner/cypress_runner.js:144197:19)\n    at onFailFn (http://localhost:46261/__cypress/runner/cypress_runner.js:132448:16)\n    at tryCatcher (http://localhost:46261/__cypress/runner/cypress_runner.js:167415:23)\n    at Promise._settlePromiseFromHandler (http://localhost:46261/__cypress/runner/cypress_runner.js:165351:31)\n    at Promise._settlePromise (http://localhost:46261/__cypress/runner/cypress_runner.js:165408:18)\n    at Promise._settlePromise0 (http://localhost:46261/__cypress/runner/cypress_runner.js:165453:10)\n    at Promise._settlePromises (http://localhost:46261/__cypress/runner/cypress_runner.js:165528:18)\n    at Async../node_modules/bluebird/js/release/async.js.Async._drainQueue (http://localhost:46261/__cypress/runner/cypress_runner.js:162140:16)\n    at Async../node_modules/bluebird/js/release/async.js.Async._drainQueues (http://localhost:46261/__cypress/runner/cypress_runner.js:162150:10)\n    at Async.drainQueues (http://localhost:46261/__cypress/runner/cypress_runner.js:162024:14)",
                "diff": null
              },
              "uuid": "61362b79-a76f-4624-9d6a-1e11f80004a7",
              "parentUUID": "39682a67-fc0b-46dd-8533-d29c2ffcd047",
              "isHook": false,
              "skipped": false
            },
            {
              "title": "Verifica se após selecionar uma outra cor na paleta, é possível pintar os pixels com essa cor",
              "fullTitle": "8 - Clicar em um pixel dentro do quadro após selecionar uma cor na paleta, faz com que o pixel seja preenchido com a cor selecionada. Verifica se após selecionar uma outra cor na paleta, é possível pintar os pixels com essa cor",
              "timedOut": null,
              "duration": 4343,
              "state": "failed",
              "speed": null,
              "pass": false,
              "fail": true,
              "pending": false,
              "context": null,
              "code": "cy.get('.color').each(function (color) {\n  var backgroundColor = color.css('background-color');\n  cy.wrap(color).click();\n  cy.get('.pixel').each(function (pixel) {\n    cy.wrap(pixel).click().should('have.css', 'background-color', backgroundColor);\n  });\n});",
              "err": {
                "message": "CypressError: Timed out retrying: expected '<div.pixel>' to have CSS property 'background-color' with the value 'rgb(0, 0, 0)', but the value was 'rgb(255, 255, 255)'",
                "estack": "CypressError: Timed out retrying: expected '<div.pixel>' to have CSS property 'background-color' with the value 'rgb(0, 0, 0)', but the value was 'rgb(255, 255, 255)'\n    at cypressErr (http://localhost:46261/__cypress/runner/cypress_runner.js:149934:9)\n    at throwErr (http://localhost:46261/__cypress/runner/cypress_runner.js:149867:11)\n    at Object.throwErrByPath (http://localhost:46261/__cypress/runner/cypress_runner.js:149915:3)\n    at retry (http://localhost:46261/__cypress/runner/cypress_runner.js:144197:19)\n    at onFailFn (http://localhost:46261/__cypress/runner/cypress_runner.js:132448:16)\n    at tryCatcher (http://localhost:46261/__cypress/runner/cypress_runner.js:167415:23)\n    at Promise._settlePromiseFromHandler (http://localhost:46261/__cypress/runner/cypress_runner.js:165351:31)\n    at Promise._settlePromise (http://localhost:46261/__cypress/runner/cypress_runner.js:165408:18)\n    at Promise._settlePromise0 (http://localhost:46261/__cypress/runner/cypress_runner.js:165453:10)\n    at Promise._settlePromises (http://localhost:46261/__cypress/runner/cypress_runner.js:165528:18)\n    at Async../node_modules/bluebird/js/release/async.js.Async._drainQueue (http://localhost:46261/__cypress/runner/cypress_runner.js:162140:16)\n    at Async../node_modules/bluebird/js/release/async.js.Async._drainQueues (http://localhost:46261/__cypress/runner/cypress_runner.js:162150:10)\n    at Async.drainQueues (http://localhost:46261/__cypress/runner/cypress_runner.js:162024:14)",
                "diff": null
              },
              "uuid": "b65b055b-c618-47bc-96e9-11ab1bb943de",
              "parentUUID": "39682a67-fc0b-46dd-8533-d29c2ffcd047",
              "isHook": false,
              "skipped": false
            },
            {
              "title": "Verifica se somente o pixel que foi clicado foi preenchido com a cor selecionada, sem influenciar na cor dos demais pixels.",
              "fullTitle": "8 - Clicar em um pixel dentro do quadro após selecionar uma cor na paleta, faz com que o pixel seja preenchido com a cor selecionada. Verifica se somente o pixel que foi clicado foi preenchido com a cor selecionada, sem influenciar na cor dos demais pixels.",
              "timedOut": null,
              "duration": 1193,
              "state": "passed",
              "speed": "slow",
              "pass": true,
              "fail": false,
              "pending": false,
              "context": null,
              "code": "var colorToPixelIndexMap = {\n  0: 6,\n  1: 8,\n  2: 16,\n  3: 18\n};\ncy.get('.color').each(function (color, index) {\n  cy.wrap(color).click();\n  var backgroundColor = color.css('background-color');\n  var clickedPixelIndex = colorToPixelIndexMap[index];\n  cy.get('.pixel').eq(clickedPixelIndex).click();\n  cy.get('.pixel').eq(clickedPixelIndex - 1).should('not.have.css', 'background-color', backgroundColor);\n  cy.get('.pixel').eq(clickedPixelIndex + 1).should('not.have.css', 'background-color', backgroundColor);\n  cy.get('.pixel').eq(clickedPixelIndex - 5).should('not.have.css', 'background-color', backgroundColor);\n  cy.get('.pixel').eq(clickedPixelIndex + 5).should('not.have.css', 'background-color', backgroundColor);\n  cy.get('.pixel').eq(clickedPixelIndex - 6).should('not.have.css', 'background-color', backgroundColor);\n  cy.get('.pixel').eq(clickedPixelIndex - 4).should('not.have.css', 'background-color', backgroundColor);\n  cy.get('.pixel').eq(clickedPixelIndex + 4).should('not.have.css', 'background-color', backgroundColor);\n  cy.get('.pixel').eq(clickedPixelIndex + 6).should('not.have.css', 'background-color', backgroundColor);\n});",
              "err": {},
              "uuid": "c1cc631d-4c1b-4dca-919f-9036f145387d",
              "parentUUID": "39682a67-fc0b-46dd-8533-d29c2ffcd047",
              "isHook": false,
              "skipped": false
            }
          ],
          "suites": [],
          "passes": [
            "c1cc631d-4c1b-4dca-919f-9036f145387d"
          ],
          "failures": [
            "61362b79-a76f-4624-9d6a-1e11f80004a7",
            "b65b055b-c618-47bc-96e9-11ab1bb943de"
          ],
          "pending": [],
          "skipped": [],
          "duration": 9921,
          "root": false,
          "rootEmpty": false,
          "_timeout": 2000
        },
        {
          "uuid": "dcda1341-b5a9-4a08-95d7-115824529342",
          "title": "9 - Crie um botão que, ao ser clicado, limpa o quadro preenchendo a cor de todos seus pixels com branco.",
          "fullFile": "",
          "file": "",
          "beforeHooks": [],
          "afterHooks": [],
          "tests": [
            {
              "title": "Verifica se o botão tem o `id` denominado `clear-board`",
              "fullTitle": "9 - Crie um botão que, ao ser clicado, limpa o quadro preenchendo a cor de todos seus pixels com branco. Verifica se o botão tem o `id` denominado `clear-board`",
              "timedOut": null,
              "duration": 4285,
              "state": "failed",
              "speed": null,
              "pass": false,
              "fail": true,
              "pending": false,
              "context": null,
              "code": "cy.get('#clear-board').should('be.visible');",
              "err": {
                "message": "CypressError: Timed out retrying: Expected to find element: '#clear-board', but never found it.",
                "estack": "CypressError: Timed out retrying: Expected to find element: '#clear-board', but never found it.\n    at cypressErr (http://localhost:46261/__cypress/runner/cypress_runner.js:149934:9)\n    at throwErr (http://localhost:46261/__cypress/runner/cypress_runner.js:149867:11)\n    at Object.throwErrByPath (http://localhost:46261/__cypress/runner/cypress_runner.js:149915:3)\n    at retry (http://localhost:46261/__cypress/runner/cypress_runner.js:144197:19)\n    at onFailFn (http://localhost:46261/__cypress/runner/cypress_runner.js:132448:16)\n    at tryCatcher (http://localhost:46261/__cypress/runner/cypress_runner.js:167415:23)\n    at Promise._settlePromiseFromHandler (http://localhost:46261/__cypress/runner/cypress_runner.js:165351:31)\n    at Promise._settlePromise (http://localhost:46261/__cypress/runner/cypress_runner.js:165408:18)\n    at Promise._settlePromise0 (http://localhost:46261/__cypress/runner/cypress_runner.js:165453:10)\n    at Promise._settlePromises (http://localhost:46261/__cypress/runner/cypress_runner.js:165528:18)\n    at Async../node_modules/bluebird/js/release/async.js.Async._drainQueue (http://localhost:46261/__cypress/runner/cypress_runner.js:162140:16)\n    at Async../node_modules/bluebird/js/release/async.js.Async._drainQueues (http://localhost:46261/__cypress/runner/cypress_runner.js:162150:10)\n    at Async.drainQueues (http://localhost:46261/__cypress/runner/cypress_runner.js:162024:14)",
                "diff": null
              },
              "uuid": "f0b9f2bf-f24a-4c34-a094-675cfd912b55",
              "parentUUID": "dcda1341-b5a9-4a08-95d7-115824529342",
              "isHook": false,
              "skipped": false
            },
            {
              "title": "Verifica se o botão está posicionado entre a paleta de cores e o quadro de pixels",
              "fullTitle": "9 - Crie um botão que, ao ser clicado, limpa o quadro preenchendo a cor de todos seus pixels com branco. Verifica se o botão está posicionado entre a paleta de cores e o quadro de pixels",
              "timedOut": null,
              "duration": 4249,
              "state": "failed",
              "speed": null,
              "pass": false,
              "fail": true,
              "pending": false,
              "context": null,
              "code": "cy.get('#color-palette').then(function (palette) {\n  cy.get('#clear-board').should('be.belowOf', palette);\n});\ncy.get('#clear-board').then(function (clearBtn) {\n  cy.get('#pixel-board').should('be.belowOf', clearBtn);\n});",
              "err": {
                "message": "CypressError: Timed out retrying: Expected to find element: '#clear-board', but never found it.",
                "estack": "CypressError: Timed out retrying: Expected to find element: '#clear-board', but never found it.\n    at cypressErr (http://localhost:46261/__cypress/runner/cypress_runner.js:149934:9)\n    at throwErr (http://localhost:46261/__cypress/runner/cypress_runner.js:149867:11)\n    at Object.throwErrByPath (http://localhost:46261/__cypress/runner/cypress_runner.js:149915:3)\n    at retry (http://localhost:46261/__cypress/runner/cypress_runner.js:144197:19)\n    at onFailFn (http://localhost:46261/__cypress/runner/cypress_runner.js:132448:16)\n    at tryCatcher (http://localhost:46261/__cypress/runner/cypress_runner.js:167415:23)\n    at Promise._settlePromiseFromHandler (http://localhost:46261/__cypress/runner/cypress_runner.js:165351:31)\n    at Promise._settlePromise (http://localhost:46261/__cypress/runner/cypress_runner.js:165408:18)\n    at Promise._settlePromise0 (http://localhost:46261/__cypress/runner/cypress_runner.js:165453:10)\n    at Promise._settlePromises (http://localhost:46261/__cypress/runner/cypress_runner.js:165528:18)\n    at Async../node_modules/bluebird/js/release/async.js.Async._drainQueue (http://localhost:46261/__cypress/runner/cypress_runner.js:162140:16)\n    at Async../node_modules/bluebird/js/release/async.js.Async._drainQueues (http://localhost:46261/__cypress/runner/cypress_runner.js:162150:10)\n    at Async.drainQueues (http://localhost:46261/__cypress/runner/cypress_runner.js:162024:14)",
                "diff": null
              },
              "uuid": "2cd24eee-cfa2-4540-ac69-973a541bb44c",
              "parentUUID": "dcda1341-b5a9-4a08-95d7-115824529342",
              "isHook": false,
              "skipped": false
            },
            {
              "title": "Verifica se o texto do botão é 'Limpar'",
              "fullTitle": "9 - Crie um botão que, ao ser clicado, limpa o quadro preenchendo a cor de todos seus pixels com branco. Verifica se o texto do botão é 'Limpar'",
              "timedOut": null,
              "duration": 4279,
              "state": "failed",
              "speed": null,
              "pass": false,
              "fail": true,
              "pending": false,
              "context": null,
              "code": "cy.get('#clear-board').should('contain.text', 'Limpar');",
              "err": {
                "message": "CypressError: Timed out retrying: Expected to find element: '#clear-board', but never found it.",
                "estack": "CypressError: Timed out retrying: Expected to find element: '#clear-board', but never found it.\n    at cypressErr (http://localhost:46261/__cypress/runner/cypress_runner.js:149934:9)\n    at throwErr (http://localhost:46261/__cypress/runner/cypress_runner.js:149867:11)\n    at Object.throwErrByPath (http://localhost:46261/__cypress/runner/cypress_runner.js:149915:3)\n    at retry (http://localhost:46261/__cypress/runner/cypress_runner.js:144197:19)\n    at onFailFn (http://localhost:46261/__cypress/runner/cypress_runner.js:132448:16)\n    at tryCatcher (http://localhost:46261/__cypress/runner/cypress_runner.js:167415:23)\n    at Promise._settlePromiseFromHandler (http://localhost:46261/__cypress/runner/cypress_runner.js:165351:31)\n    at Promise._settlePromise (http://localhost:46261/__cypress/runner/cypress_runner.js:165408:18)\n    at Promise._settlePromise0 (http://localhost:46261/__cypress/runner/cypress_runner.js:165453:10)\n    at Promise._settlePromises (http://localhost:46261/__cypress/runner/cypress_runner.js:165528:18)\n    at Async../node_modules/bluebird/js/release/async.js.Async._drainQueue (http://localhost:46261/__cypress/runner/cypress_runner.js:162140:16)\n    at Async../node_modules/bluebird/js/release/async.js.Async._drainQueues (http://localhost:46261/__cypress/runner/cypress_runner.js:162150:10)\n    at Async.drainQueues (http://localhost:46261/__cypress/runner/cypress_runner.js:162024:14)",
                "diff": null
              },
              "uuid": "d3378766-c85a-480e-8f60-9e7a607ed395",
              "parentUUID": "dcda1341-b5a9-4a08-95d7-115824529342",
              "isHook": false,
              "skipped": false
            },
            {
              "title": "Verifica se ao clicar no botão, o quadro de pixels é totalmente preenchido de branco",
              "fullTitle": "9 - Crie um botão que, ao ser clicado, limpa o quadro preenchendo a cor de todos seus pixels com branco. Verifica se ao clicar no botão, o quadro de pixels é totalmente preenchido de branco",
              "timedOut": null,
              "duration": 4503,
              "state": "failed",
              "speed": null,
              "pass": false,
              "fail": true,
              "pending": false,
              "context": null,
              "code": "cy.get('.color').eq(1).then(function (color) {\n  var backgroundColor = color.css('background-color');\n  cy.wrap(color).click();\n  cy.get('.pixel').each(function (pixel) {\n    cy.wrap(pixel).click().should('have.css', 'background-color', backgroundColor);\n  });\n});\ncy.get('#clear-board').click();\ncy.get('.pixel').each(function (pixel) {\n  cy.wrap(pixel).should('have.css', 'background-color', WHITE);\n});",
              "err": {
                "message": "CypressError: Timed out retrying: expected '<div.pixel>' to have CSS property 'background-color' with the value 'rgb(0, 0, 255)', but the value was 'rgb(255, 255, 255)'",
                "estack": "CypressError: Timed out retrying: expected '<div.pixel>' to have CSS property 'background-color' with the value 'rgb(0, 0, 255)', but the value was 'rgb(255, 255, 255)'\n    at cypressErr (http://localhost:46261/__cypress/runner/cypress_runner.js:149934:9)\n    at throwErr (http://localhost:46261/__cypress/runner/cypress_runner.js:149867:11)\n    at Object.throwErrByPath (http://localhost:46261/__cypress/runner/cypress_runner.js:149915:3)\n    at retry (http://localhost:46261/__cypress/runner/cypress_runner.js:144197:19)\n    at onFailFn (http://localhost:46261/__cypress/runner/cypress_runner.js:132448:16)\n    at tryCatcher (http://localhost:46261/__cypress/runner/cypress_runner.js:167415:23)\n    at Promise._settlePromiseFromHandler (http://localhost:46261/__cypress/runner/cypress_runner.js:165351:31)\n    at Promise._settlePromise (http://localhost:46261/__cypress/runner/cypress_runner.js:165408:18)\n    at Promise._settlePromise0 (http://localhost:46261/__cypress/runner/cypress_runner.js:165453:10)\n    at Promise._settlePromises (http://localhost:46261/__cypress/runner/cypress_runner.js:165528:18)\n    at Async../node_modules/bluebird/js/release/async.js.Async._drainQueue (http://localhost:46261/__cypress/runner/cypress_runner.js:162140:16)\n    at Async../node_modules/bluebird/js/release/async.js.Async._drainQueues (http://localhost:46261/__cypress/runner/cypress_runner.js:162150:10)\n    at Async.drainQueues (http://localhost:46261/__cypress/runner/cypress_runner.js:162024:14)",
                "diff": null
              },
              "uuid": "78a3e6e3-0483-4570-ab5e-e0b17d5cba99",
              "parentUUID": "dcda1341-b5a9-4a08-95d7-115824529342",
              "isHook": false,
              "skipped": false
            }
          ],
          "suites": [],
          "passes": [],
          "failures": [
            "f0b9f2bf-f24a-4c34-a094-675cfd912b55",
            "2cd24eee-cfa2-4540-ac69-973a541bb44c",
            "d3378766-c85a-480e-8f60-9e7a607ed395",
            "78a3e6e3-0483-4570-ab5e-e0b17d5cba99"
          ],
          "pending": [],
          "skipped": [],
          "duration": 17316,
          "root": false,
          "rootEmpty": false,
          "_timeout": 2000
        },
        {
          "uuid": "ca26aac0-39a0-49b8-8dd0-038042335281",
          "title": "10 - Faça o quadro de pixels ter seu tamanho definido pelo usuário.",
          "fullFile": "",
          "file": "",
          "beforeHooks": [],
          "afterHooks": [],
          "tests": [
            {
              "title": "Verifica se existe um input com o id `board-size`",
              "fullTitle": "10 - Faça o quadro de pixels ter seu tamanho definido pelo usuário. Verifica se existe um input com o id `board-size`",
              "timedOut": null,
              "duration": 4292,
              "state": "failed",
              "speed": null,
              "pass": false,
              "fail": true,
              "pending": false,
              "context": null,
              "code": "cy.get('#board-size').should('be.visible');",
              "err": {
                "message": "CypressError: Timed out retrying: Expected to find element: '#board-size', but never found it.",
                "estack": "CypressError: Timed out retrying: Expected to find element: '#board-size', but never found it.\n    at cypressErr (http://localhost:46261/__cypress/runner/cypress_runner.js:149934:9)\n    at throwErr (http://localhost:46261/__cypress/runner/cypress_runner.js:149867:11)\n    at Object.throwErrByPath (http://localhost:46261/__cypress/runner/cypress_runner.js:149915:3)\n    at retry (http://localhost:46261/__cypress/runner/cypress_runner.js:144197:19)\n    at onFailFn (http://localhost:46261/__cypress/runner/cypress_runner.js:132448:16)\n    at tryCatcher (http://localhost:46261/__cypress/runner/cypress_runner.js:167415:23)\n    at Promise._settlePromiseFromHandler (http://localhost:46261/__cypress/runner/cypress_runner.js:165351:31)\n    at Promise._settlePromise (http://localhost:46261/__cypress/runner/cypress_runner.js:165408:18)\n    at Promise._settlePromise0 (http://localhost:46261/__cypress/runner/cypress_runner.js:165453:10)\n    at Promise._settlePromises (http://localhost:46261/__cypress/runner/cypress_runner.js:165528:18)\n    at Async../node_modules/bluebird/js/release/async.js.Async._drainQueue (http://localhost:46261/__cypress/runner/cypress_runner.js:162140:16)\n    at Async../node_modules/bluebird/js/release/async.js.Async._drainQueues (http://localhost:46261/__cypress/runner/cypress_runner.js:162150:10)\n    at Async.drainQueues (http://localhost:46261/__cypress/runner/cypress_runner.js:162024:14)",
                "diff": null
              },
              "uuid": "77990bfa-d5ff-43f8-863a-3ae1fc3c984b",
              "parentUUID": "ca26aac0-39a0-49b8-8dd0-038042335281",
              "isHook": false,
              "skipped": false
            },
            {
              "title": "Verifica se existe um botão com o id `generate-board`",
              "fullTitle": "10 - Faça o quadro de pixels ter seu tamanho definido pelo usuário. Verifica se existe um botão com o id `generate-board`",
              "timedOut": null,
              "duration": 4242,
              "state": "failed",
              "speed": null,
              "pass": false,
              "fail": true,
              "pending": false,
              "context": null,
              "code": "cy.get('#generate-board').should('be.visible');",
              "err": {
                "message": "CypressError: Timed out retrying: Expected to find element: '#generate-board', but never found it.",
                "estack": "CypressError: Timed out retrying: Expected to find element: '#generate-board', but never found it.\n    at cypressErr (http://localhost:46261/__cypress/runner/cypress_runner.js:149934:9)\n    at throwErr (http://localhost:46261/__cypress/runner/cypress_runner.js:149867:11)\n    at Object.throwErrByPath (http://localhost:46261/__cypress/runner/cypress_runner.js:149915:3)\n    at retry (http://localhost:46261/__cypress/runner/cypress_runner.js:144197:19)\n    at onFailFn (http://localhost:46261/__cypress/runner/cypress_runner.js:132448:16)\n    at tryCatcher (http://localhost:46261/__cypress/runner/cypress_runner.js:167415:23)\n    at Promise._settlePromiseFromHandler (http://localhost:46261/__cypress/runner/cypress_runner.js:165351:31)\n    at Promise._settlePromise (http://localhost:46261/__cypress/runner/cypress_runner.js:165408:18)\n    at Promise._settlePromise0 (http://localhost:46261/__cypress/runner/cypress_runner.js:165453:10)\n    at Promise._settlePromises (http://localhost:46261/__cypress/runner/cypress_runner.js:165528:18)\n    at Async../node_modules/bluebird/js/release/async.js.Async._drainQueue (http://localhost:46261/__cypress/runner/cypress_runner.js:162140:16)\n    at Async../node_modules/bluebird/js/release/async.js.Async._drainQueues (http://localhost:46261/__cypress/runner/cypress_runner.js:162150:10)\n    at Async.drainQueues (http://localhost:46261/__cypress/runner/cypress_runner.js:162024:14)",
                "diff": null
              },
              "uuid": "f1359b0f-7960-4a84-a88c-73dd2f713e08",
              "parentUUID": "ca26aac0-39a0-49b8-8dd0-038042335281",
              "isHook": false,
              "skipped": false
            },
            {
              "title": "Verifica se o input só aceita número maiores que zero. Essa restrição deve ser feita usando os atributos do elemento `input`",
              "fullTitle": "10 - Faça o quadro de pixels ter seu tamanho definido pelo usuário. Verifica se o input só aceita número maiores que zero. Essa restrição deve ser feita usando os atributos do elemento `input`",
              "timedOut": null,
              "duration": 4235,
              "state": "failed",
              "speed": null,
              "pass": false,
              "fail": true,
              "pending": false,
              "context": null,
              "code": "cy.get('#board-size[type=\\'number\\'][min=\\'1\\']');",
              "err": {
                "message": "CypressError: Timed out retrying: Expected to find element: '#board-size[type='number'][min='1']', but never found it.",
                "estack": "CypressError: Timed out retrying: Expected to find element: '#board-size[type='number'][min='1']', but never found it.\n    at cypressErr (http://localhost:46261/__cypress/runner/cypress_runner.js:149934:9)\n    at throwErr (http://localhost:46261/__cypress/runner/cypress_runner.js:149867:11)\n    at Object.throwErrByPath (http://localhost:46261/__cypress/runner/cypress_runner.js:149915:3)\n    at retry (http://localhost:46261/__cypress/runner/cypress_runner.js:144197:19)\n    at onFailFn (http://localhost:46261/__cypress/runner/cypress_runner.js:132448:16)\n    at tryCatcher (http://localhost:46261/__cypress/runner/cypress_runner.js:167415:23)\n    at Promise._settlePromiseFromHandler (http://localhost:46261/__cypress/runner/cypress_runner.js:165351:31)\n    at Promise._settlePromise (http://localhost:46261/__cypress/runner/cypress_runner.js:165408:18)\n    at Promise._settlePromise0 (http://localhost:46261/__cypress/runner/cypress_runner.js:165453:10)\n    at Promise._settlePromises (http://localhost:46261/__cypress/runner/cypress_runner.js:165528:18)\n    at Async../node_modules/bluebird/js/release/async.js.Async._drainQueue (http://localhost:46261/__cypress/runner/cypress_runner.js:162140:16)\n    at Async../node_modules/bluebird/js/release/async.js.Async._drainQueues (http://localhost:46261/__cypress/runner/cypress_runner.js:162150:10)\n    at Async.drainQueues (http://localhost:46261/__cypress/runner/cypress_runner.js:162024:14)",
                "diff": null
              },
              "uuid": "11dc3028-4419-4d89-a290-15a7ada57d47",
              "parentUUID": "ca26aac0-39a0-49b8-8dd0-038042335281",
              "isHook": false,
              "skipped": false
            },
            {
              "title": "Verifica se o botão contém o texto 'VQV'",
              "fullTitle": "10 - Faça o quadro de pixels ter seu tamanho definido pelo usuário. Verifica se o botão contém o texto 'VQV'",
              "timedOut": null,
              "duration": 4321,
              "state": "failed",
              "speed": null,
              "pass": false,
              "fail": true,
              "pending": false,
              "context": null,
              "code": "cy.get('#generate-board').contains(/vqv/i);",
              "err": {
                "message": "CypressError: Timed out retrying: Expected to find element: '#generate-board', but never found it.",
                "estack": "CypressError: Timed out retrying: Expected to find element: '#generate-board', but never found it.\n    at cypressErr (http://localhost:46261/__cypress/runner/cypress_runner.js:149934:9)\n    at throwErr (http://localhost:46261/__cypress/runner/cypress_runner.js:149867:11)\n    at Object.throwErrByPath (http://localhost:46261/__cypress/runner/cypress_runner.js:149915:3)\n    at retry (http://localhost:46261/__cypress/runner/cypress_runner.js:144197:19)\n    at onFailFn (http://localhost:46261/__cypress/runner/cypress_runner.js:132448:16)\n    at tryCatcher (http://localhost:46261/__cypress/runner/cypress_runner.js:167415:23)\n    at Promise._settlePromiseFromHandler (http://localhost:46261/__cypress/runner/cypress_runner.js:165351:31)\n    at Promise._settlePromise (http://localhost:46261/__cypress/runner/cypress_runner.js:165408:18)\n    at Promise._settlePromise0 (http://localhost:46261/__cypress/runner/cypress_runner.js:165453:10)\n    at Promise._settlePromises (http://localhost:46261/__cypress/runner/cypress_runner.js:165528:18)\n    at Async../node_modules/bluebird/js/release/async.js.Async._drainQueue (http://localhost:46261/__cypress/runner/cypress_runner.js:162140:16)\n    at Async../node_modules/bluebird/js/release/async.js.Async._drainQueues (http://localhost:46261/__cypress/runner/cypress_runner.js:162150:10)\n    at Async.drainQueues (http://localhost:46261/__cypress/runner/cypress_runner.js:162024:14)",
                "diff": null
              },
              "uuid": "a7caa735-a2bc-4c9c-a05c-1990b24998ee",
              "parentUUID": "ca26aac0-39a0-49b8-8dd0-038042335281",
              "isHook": false,
              "skipped": false
            },
            {
              "title": "Verifica se o input está posicionado entre a paleta de cores e o quadro de pixels",
              "fullTitle": "10 - Faça o quadro de pixels ter seu tamanho definido pelo usuário. Verifica se o input está posicionado entre a paleta de cores e o quadro de pixels",
              "timedOut": null,
              "duration": 4263,
              "state": "failed",
              "speed": null,
              "pass": false,
              "fail": true,
              "pending": false,
              "context": null,
              "code": "cy.get('#color-palette').then(function (palette) {\n  cy.get('#board-size').should('be.belowOf', palette);\n});\ncy.get('#board-size').then(function (palette) {\n  cy.get('#pixel-board').should('be.belowOf', palette);\n});",
              "err": {
                "message": "CypressError: Timed out retrying: Expected to find element: '#board-size', but never found it.",
                "estack": "CypressError: Timed out retrying: Expected to find element: '#board-size', but never found it.\n    at cypressErr (http://localhost:46261/__cypress/runner/cypress_runner.js:149934:9)\n    at throwErr (http://localhost:46261/__cypress/runner/cypress_runner.js:149867:11)\n    at Object.throwErrByPath (http://localhost:46261/__cypress/runner/cypress_runner.js:149915:3)\n    at retry (http://localhost:46261/__cypress/runner/cypress_runner.js:144197:19)\n    at onFailFn (http://localhost:46261/__cypress/runner/cypress_runner.js:132448:16)\n    at tryCatcher (http://localhost:46261/__cypress/runner/cypress_runner.js:167415:23)\n    at Promise._settlePromiseFromHandler (http://localhost:46261/__cypress/runner/cypress_runner.js:165351:31)\n    at Promise._settlePromise (http://localhost:46261/__cypress/runner/cypress_runner.js:165408:18)\n    at Promise._settlePromise0 (http://localhost:46261/__cypress/runner/cypress_runner.js:165453:10)\n    at Promise._settlePromises (http://localhost:46261/__cypress/runner/cypress_runner.js:165528:18)\n    at Async../node_modules/bluebird/js/release/async.js.Async._drainQueue (http://localhost:46261/__cypress/runner/cypress_runner.js:162140:16)\n    at Async../node_modules/bluebird/js/release/async.js.Async._drainQueues (http://localhost:46261/__cypress/runner/cypress_runner.js:162150:10)\n    at Async.drainQueues (http://localhost:46261/__cypress/runner/cypress_runner.js:162024:14)",
                "diff": null
              },
              "uuid": "24d2869c-543a-4592-a446-1e5bce06442a",
              "parentUUID": "ca26aac0-39a0-49b8-8dd0-038042335281",
              "isHook": false,
              "skipped": false
            },
            {
              "title": "Verifica se o botão está posicionado ao lado do input",
              "fullTitle": "10 - Faça o quadro de pixels ter seu tamanho definido pelo usuário. Verifica se o botão está posicionado ao lado do input",
              "timedOut": null,
              "duration": 4232,
              "state": "failed",
              "speed": null,
              "pass": false,
              "fail": true,
              "pending": false,
              "context": null,
              "code": "cy.get('#board-size').then(function (board) {\n  cy.get('#generate-board').should('be.onTheRightOf', board);\n});",
              "err": {
                "message": "CypressError: Timed out retrying: Expected to find element: '#board-size', but never found it.",
                "estack": "CypressError: Timed out retrying: Expected to find element: '#board-size', but never found it.\n    at cypressErr (http://localhost:46261/__cypress/runner/cypress_runner.js:149934:9)\n    at throwErr (http://localhost:46261/__cypress/runner/cypress_runner.js:149867:11)\n    at Object.throwErrByPath (http://localhost:46261/__cypress/runner/cypress_runner.js:149915:3)\n    at retry (http://localhost:46261/__cypress/runner/cypress_runner.js:144197:19)\n    at onFailFn (http://localhost:46261/__cypress/runner/cypress_runner.js:132448:16)\n    at tryCatcher (http://localhost:46261/__cypress/runner/cypress_runner.js:167415:23)\n    at Promise._settlePromiseFromHandler (http://localhost:46261/__cypress/runner/cypress_runner.js:165351:31)\n    at Promise._settlePromise (http://localhost:46261/__cypress/runner/cypress_runner.js:165408:18)\n    at Promise._settlePromise0 (http://localhost:46261/__cypress/runner/cypress_runner.js:165453:10)\n    at Promise._settlePromises (http://localhost:46261/__cypress/runner/cypress_runner.js:165528:18)\n    at Async../node_modules/bluebird/js/release/async.js.Async._drainQueue (http://localhost:46261/__cypress/runner/cypress_runner.js:162140:16)\n    at Async../node_modules/bluebird/js/release/async.js.Async._drainQueues (http://localhost:46261/__cypress/runner/cypress_runner.js:162150:10)\n    at Async.drainQueues (http://localhost:46261/__cypress/runner/cypress_runner.js:162024:14)",
                "diff": null
              },
              "uuid": "e70add0b-99cf-410d-8b6f-e4296b2f75fa",
              "parentUUID": "ca26aac0-39a0-49b8-8dd0-038042335281",
              "isHook": false,
              "skipped": false
            },
            {
              "title": "Verifica se nenhum valor for colocado no input ao clicar no botão, um `alert` é exibido com o texto: 'Board inválido!'",
              "fullTitle": "10 - Faça o quadro de pixels ter seu tamanho definido pelo usuário. Verifica se nenhum valor for colocado no input ao clicar no botão, um `alert` é exibido com o texto: 'Board inválido!'",
              "timedOut": null,
              "duration": 4379,
              "state": "failed",
              "speed": null,
              "pass": false,
              "fail": true,
              "pending": false,
              "context": null,
              "code": "var alerted = false;\ncy.on('window:alert', function (msg) {\n  return alerted = msg;\n});\ncy.get('#generate-board').click().then(function () {\n  return expect(alerted).to.match(/Board inválido!/i);\n});",
              "err": {
                "message": "CypressError: Timed out retrying: Expected to find element: '#generate-board', but never found it.",
                "estack": "CypressError: Timed out retrying: Expected to find element: '#generate-board', but never found it.\n    at cypressErr (http://localhost:46261/__cypress/runner/cypress_runner.js:149934:9)\n    at throwErr (http://localhost:46261/__cypress/runner/cypress_runner.js:149867:11)\n    at Object.throwErrByPath (http://localhost:46261/__cypress/runner/cypress_runner.js:149915:3)\n    at retry (http://localhost:46261/__cypress/runner/cypress_runner.js:144197:19)\n    at onFailFn (http://localhost:46261/__cypress/runner/cypress_runner.js:132448:16)\n    at tryCatcher (http://localhost:46261/__cypress/runner/cypress_runner.js:167415:23)\n    at Promise._settlePromiseFromHandler (http://localhost:46261/__cypress/runner/cypress_runner.js:165351:31)\n    at Promise._settlePromise (http://localhost:46261/__cypress/runner/cypress_runner.js:165408:18)\n    at Promise._settlePromise0 (http://localhost:46261/__cypress/runner/cypress_runner.js:165453:10)\n    at Promise._settlePromises (http://localhost:46261/__cypress/runner/cypress_runner.js:165528:18)\n    at Async../node_modules/bluebird/js/release/async.js.Async._drainQueue (http://localhost:46261/__cypress/runner/cypress_runner.js:162140:16)\n    at Async../node_modules/bluebird/js/release/async.js.Async._drainQueues (http://localhost:46261/__cypress/runner/cypress_runner.js:162150:10)\n    at Async.drainQueues (http://localhost:46261/__cypress/runner/cypress_runner.js:162024:14)",
                "diff": null
              },
              "uuid": "73dd6a86-bb92-4496-bb48-b7352a343066",
              "parentUUID": "ca26aac0-39a0-49b8-8dd0-038042335281",
              "isHook": false,
              "skipped": false
            },
            {
              "title": "Verifica se ao clicar no botão com um valor preenchido, o tamanho do board muda.",
              "fullTitle": "10 - Faça o quadro de pixels ter seu tamanho definido pelo usuário. Verifica se ao clicar no botão com um valor preenchido, o tamanho do board muda.",
              "timedOut": null,
              "duration": 4242,
              "state": "failed",
              "speed": null,
              "pass": false,
              "fail": true,
              "pending": false,
              "context": null,
              "code": "cy.get('#board-size').clear().type(10);\ncy.get('#generate-board').click();\ncy.get('.pixel').should('have.length', 100);",
              "err": {
                "message": "CypressError: Timed out retrying: Expected to find element: '#board-size', but never found it.",
                "estack": "CypressError: Timed out retrying: Expected to find element: '#board-size', but never found it.\n    at cypressErr (http://localhost:46261/__cypress/runner/cypress_runner.js:149934:9)\n    at throwErr (http://localhost:46261/__cypress/runner/cypress_runner.js:149867:11)\n    at Object.throwErrByPath (http://localhost:46261/__cypress/runner/cypress_runner.js:149915:3)\n    at retry (http://localhost:46261/__cypress/runner/cypress_runner.js:144197:19)\n    at onFailFn (http://localhost:46261/__cypress/runner/cypress_runner.js:132448:16)\n    at tryCatcher (http://localhost:46261/__cypress/runner/cypress_runner.js:167415:23)\n    at Promise._settlePromiseFromHandler (http://localhost:46261/__cypress/runner/cypress_runner.js:165351:31)\n    at Promise._settlePromise (http://localhost:46261/__cypress/runner/cypress_runner.js:165408:18)\n    at Promise._settlePromise0 (http://localhost:46261/__cypress/runner/cypress_runner.js:165453:10)\n    at Promise._settlePromises (http://localhost:46261/__cypress/runner/cypress_runner.js:165528:18)\n    at Async../node_modules/bluebird/js/release/async.js.Async._drainQueue (http://localhost:46261/__cypress/runner/cypress_runner.js:162140:16)\n    at Async../node_modules/bluebird/js/release/async.js.Async._drainQueues (http://localhost:46261/__cypress/runner/cypress_runner.js:162150:10)\n    at Async.drainQueues (http://localhost:46261/__cypress/runner/cypress_runner.js:162024:14)",
                "diff": null
              },
              "uuid": "be6d6598-91c4-484d-9707-e936fbaef340",
              "parentUUID": "ca26aac0-39a0-49b8-8dd0-038042335281",
              "isHook": false,
              "skipped": false
            },
            {
              "title": "Verifica se o novo quadro tem todos os pixels preenchidos com a cor branca",
              "fullTitle": "10 - Faça o quadro de pixels ter seu tamanho definido pelo usuário. Verifica se o novo quadro tem todos os pixels preenchidos com a cor branca",
              "timedOut": null,
              "duration": 4215,
              "state": "failed",
              "speed": null,
              "pass": false,
              "fail": true,
              "pending": false,
              "context": null,
              "code": "cy.get('#board-size').clear().type(6);\ncy.get('#generate-board').click();\ncy.get('.pixel').should('have.length', 36).each(function (pixel) {\n  expect(pixel).to.have.css('background-color', WHITE);\n});",
              "err": {
                "message": "CypressError: Timed out retrying: Expected to find element: '#board-size', but never found it.",
                "estack": "CypressError: Timed out retrying: Expected to find element: '#board-size', but never found it.\n    at cypressErr (http://localhost:46261/__cypress/runner/cypress_runner.js:149934:9)\n    at throwErr (http://localhost:46261/__cypress/runner/cypress_runner.js:149867:11)\n    at Object.throwErrByPath (http://localhost:46261/__cypress/runner/cypress_runner.js:149915:3)\n    at retry (http://localhost:46261/__cypress/runner/cypress_runner.js:144197:19)\n    at onFailFn (http://localhost:46261/__cypress/runner/cypress_runner.js:132448:16)\n    at tryCatcher (http://localhost:46261/__cypress/runner/cypress_runner.js:167415:23)\n    at Promise._settlePromiseFromHandler (http://localhost:46261/__cypress/runner/cypress_runner.js:165351:31)\n    at Promise._settlePromise (http://localhost:46261/__cypress/runner/cypress_runner.js:165408:18)\n    at Promise._settlePromise0 (http://localhost:46261/__cypress/runner/cypress_runner.js:165453:10)\n    at Promise._settlePromises (http://localhost:46261/__cypress/runner/cypress_runner.js:165528:18)\n    at Async../node_modules/bluebird/js/release/async.js.Async._drainQueue (http://localhost:46261/__cypress/runner/cypress_runner.js:162140:16)\n    at Async../node_modules/bluebird/js/release/async.js.Async._drainQueues (http://localhost:46261/__cypress/runner/cypress_runner.js:162150:10)\n    at Async.drainQueues (http://localhost:46261/__cypress/runner/cypress_runner.js:162024:14)",
                "diff": null
              },
              "uuid": "17df6d35-371e-4d1f-ab58-6e4de7f14a9e",
              "parentUUID": "ca26aac0-39a0-49b8-8dd0-038042335281",
              "isHook": false,
              "skipped": false
            }
          ],
          "suites": [],
          "passes": [],
          "failures": [
            "77990bfa-d5ff-43f8-863a-3ae1fc3c984b",
            "f1359b0f-7960-4a84-a88c-73dd2f713e08",
            "11dc3028-4419-4d89-a290-15a7ada57d47",
            "a7caa735-a2bc-4c9c-a05c-1990b24998ee",
            "24d2869c-543a-4592-a446-1e5bce06442a",
            "e70add0b-99cf-410d-8b6f-e4296b2f75fa",
            "73dd6a86-bb92-4496-bb48-b7352a343066",
            "be6d6598-91c4-484d-9707-e936fbaef340",
            "17df6d35-371e-4d1f-ab58-6e4de7f14a9e"
          ],
          "pending": [],
          "skipped": [],
          "duration": 38421,
          "root": false,
          "rootEmpty": false,
          "_timeout": 2000
        },
        {
          "uuid": "77b2dff3-cf46-4044-8182-97d8db8603e3",
          "title": "11 - Limite o tamanho mínimo e máximo do board.",
          "fullFile": "",
          "file": "",
          "beforeHooks": [],
          "afterHooks": [],
          "tests": [
            {
              "title": "Verifica se a altura máxima do board é 50",
              "fullTitle": "11 - Limite o tamanho mínimo e máximo do board. Verifica se a altura máxima do board é 50",
              "timedOut": null,
              "duration": 4238,
              "state": "failed",
              "speed": null,
              "pass": false,
              "fail": true,
              "pending": false,
              "context": null,
              "code": "cy.get('#board-size').clear().type(50);\ncy.get('#generate-board').click();\ncy.get('.pixel').should('have.length', 2500);",
              "err": {
                "message": "CypressError: Timed out retrying: Expected to find element: '#board-size', but never found it.",
                "estack": "CypressError: Timed out retrying: Expected to find element: '#board-size', but never found it.\n    at cypressErr (http://localhost:46261/__cypress/runner/cypress_runner.js:149934:9)\n    at throwErr (http://localhost:46261/__cypress/runner/cypress_runner.js:149867:11)\n    at Object.throwErrByPath (http://localhost:46261/__cypress/runner/cypress_runner.js:149915:3)\n    at retry (http://localhost:46261/__cypress/runner/cypress_runner.js:144197:19)\n    at onFailFn (http://localhost:46261/__cypress/runner/cypress_runner.js:132448:16)\n    at tryCatcher (http://localhost:46261/__cypress/runner/cypress_runner.js:167415:23)\n    at Promise._settlePromiseFromHandler (http://localhost:46261/__cypress/runner/cypress_runner.js:165351:31)\n    at Promise._settlePromise (http://localhost:46261/__cypress/runner/cypress_runner.js:165408:18)\n    at Promise._settlePromise0 (http://localhost:46261/__cypress/runner/cypress_runner.js:165453:10)\n    at Promise._settlePromises (http://localhost:46261/__cypress/runner/cypress_runner.js:165528:18)\n    at Async../node_modules/bluebird/js/release/async.js.Async._drainQueue (http://localhost:46261/__cypress/runner/cypress_runner.js:162140:16)\n    at Async../node_modules/bluebird/js/release/async.js.Async._drainQueues (http://localhost:46261/__cypress/runner/cypress_runner.js:162150:10)\n    at Async.drainQueues (http://localhost:46261/__cypress/runner/cypress_runner.js:162024:14)",
                "diff": null
              },
              "uuid": "772f0aba-df9e-4d5f-b833-17b523461f4f",
              "parentUUID": "77b2dff3-cf46-4044-8182-97d8db8603e3",
              "isHook": false,
              "skipped": false
            },
            {
              "title": "Verifica se a altura do board é 5 quando um valor menor é colocado no input",
              "fullTitle": "11 - Limite o tamanho mínimo e máximo do board. Verifica se a altura do board é 5 quando um valor menor é colocado no input",
              "timedOut": null,
              "duration": 4190,
              "state": "failed",
              "speed": null,
              "pass": false,
              "fail": true,
              "pending": false,
              "context": null,
              "code": "cy.get('#board-size').clear().type(4);\ncy.get('#generate-board').click();\ncy.get('.pixel').should('have.length', 25);",
              "err": {
                "message": "CypressError: Timed out retrying: Expected to find element: '#board-size', but never found it.",
                "estack": "CypressError: Timed out retrying: Expected to find element: '#board-size', but never found it.\n    at cypressErr (http://localhost:46261/__cypress/runner/cypress_runner.js:149934:9)\n    at throwErr (http://localhost:46261/__cypress/runner/cypress_runner.js:149867:11)\n    at Object.throwErrByPath (http://localhost:46261/__cypress/runner/cypress_runner.js:149915:3)\n    at retry (http://localhost:46261/__cypress/runner/cypress_runner.js:144197:19)\n    at onFailFn (http://localhost:46261/__cypress/runner/cypress_runner.js:132448:16)\n    at tryCatcher (http://localhost:46261/__cypress/runner/cypress_runner.js:167415:23)\n    at Promise._settlePromiseFromHandler (http://localhost:46261/__cypress/runner/cypress_runner.js:165351:31)\n    at Promise._settlePromise (http://localhost:46261/__cypress/runner/cypress_runner.js:165408:18)\n    at Promise._settlePromise0 (http://localhost:46261/__cypress/runner/cypress_runner.js:165453:10)\n    at Promise._settlePromises (http://localhost:46261/__cypress/runner/cypress_runner.js:165528:18)\n    at Async../node_modules/bluebird/js/release/async.js.Async._drainQueue (http://localhost:46261/__cypress/runner/cypress_runner.js:162140:16)\n    at Async../node_modules/bluebird/js/release/async.js.Async._drainQueues (http://localhost:46261/__cypress/runner/cypress_runner.js:162150:10)\n    at Async.drainQueues (http://localhost:46261/__cypress/runner/cypress_runner.js:162024:14)",
                "diff": null
              },
              "uuid": "f1bf0a8c-a77c-4389-b2c1-331b092580a7",
              "parentUUID": "77b2dff3-cf46-4044-8182-97d8db8603e3",
              "isHook": false,
              "skipped": false
            },
            {
              "title": "Verifica se a altura do board é 50 quando um valor maior é colocado no input",
              "fullTitle": "11 - Limite o tamanho mínimo e máximo do board. Verifica se a altura do board é 50 quando um valor maior é colocado no input",
              "timedOut": null,
              "duration": 4401,
              "state": "failed",
              "speed": null,
              "pass": false,
              "fail": true,
              "pending": false,
              "context": null,
              "code": "cy.get('#board-size').clear().type(51);\ncy.get('#generate-board').click();\ncy.get('.pixel').should('have.length', 2500);",
              "err": {
                "message": "CypressError: Timed out retrying: Expected to find element: '#board-size', but never found it.",
                "estack": "CypressError: Timed out retrying: Expected to find element: '#board-size', but never found it.\n    at cypressErr (http://localhost:46261/__cypress/runner/cypress_runner.js:149934:9)\n    at throwErr (http://localhost:46261/__cypress/runner/cypress_runner.js:149867:11)\n    at Object.throwErrByPath (http://localhost:46261/__cypress/runner/cypress_runner.js:149915:3)\n    at retry (http://localhost:46261/__cypress/runner/cypress_runner.js:144197:19)\n    at onFailFn (http://localhost:46261/__cypress/runner/cypress_runner.js:132448:16)\n    at tryCatcher (http://localhost:46261/__cypress/runner/cypress_runner.js:167415:23)\n    at Promise._settlePromiseFromHandler (http://localhost:46261/__cypress/runner/cypress_runner.js:165351:31)\n    at Promise._settlePromise (http://localhost:46261/__cypress/runner/cypress_runner.js:165408:18)\n    at Promise._settlePromise0 (http://localhost:46261/__cypress/runner/cypress_runner.js:165453:10)\n    at Promise._settlePromises (http://localhost:46261/__cypress/runner/cypress_runner.js:165528:18)\n    at Async../node_modules/bluebird/js/release/async.js.Async._drainQueue (http://localhost:46261/__cypress/runner/cypress_runner.js:162140:16)\n    at Async../node_modules/bluebird/js/release/async.js.Async._drainQueues (http://localhost:46261/__cypress/runner/cypress_runner.js:162150:10)\n    at Async.drainQueues (http://localhost:46261/__cypress/runner/cypress_runner.js:162024:14)",
                "diff": null
              },
              "uuid": "eba6b260-ac3c-41c9-81e4-12335a4f5d3c",
              "parentUUID": "77b2dff3-cf46-4044-8182-97d8db8603e3",
              "isHook": false,
              "skipped": false
            }
          ],
          "suites": [],
          "passes": [],
          "failures": [
            "772f0aba-df9e-4d5f-b833-17b523461f4f",
            "f1bf0a8c-a77c-4389-b2c1-331b092580a7",
            "eba6b260-ac3c-41c9-81e4-12335a4f5d3c"
          ],
          "pending": [],
          "skipped": [],
          "duration": 12829,
          "root": false,
          "rootEmpty": false,
          "_timeout": 2000
        },
        {
          "uuid": "1bc62fc1-f7cc-4dcc-868e-78880316af82",
          "title": "12 - Faça com que as cores da paleta sejam geradas aleatoriamente ao carregar a página.",
          "fullFile": "",
          "file": "",
          "beforeHooks": [],
          "afterHooks": [],
          "tests": [
            {
              "title": "Verifica se as cores geradas na paleta são diferentes a cada carregamento da página",
              "fullTitle": "12 - Faça com que as cores da paleta sejam geradas aleatoriamente ao carregar a página. Verifica se as cores geradas na paleta são diferentes a cada carregamento da página",
              "timedOut": null,
              "duration": 261,
              "state": "failed",
              "speed": null,
              "pass": false,
              "fail": true,
              "pending": false,
              "context": null,
              "code": "cy.get('.color').then(function (colors) {\n  var currentColors;\n  var previousColors;\n  previousColors = Array.from(colors).map(function (color) {\n    return Cypress.$(color).css('background-color');\n  });\n  for (var i = 0; i < 5; i += 1) {\n    cy.reload();\n    cy.get('.color').then(function (colors) {\n      currentColors = Array.from(colors).map(function (color) {\n        return Cypress.$(color).css('background-color');\n      });\n      expect(currentColors).not.to.deep.equal(previousColors);\n      previousColors = currentColors;\n    });\n  }\n});",
              "err": {
                "message": "AssertionError: expected [ Array(4) ] to not deeply equal [ Array(4) ]",
                "estack": "AssertionError: expected [ Array(4) ] to not deeply equal [ Array(4) ]\n    at getRet (http://localhost:46261/__cypress/runner/cypress_runner.js:136585:16)\n    at tryCatcher (http://localhost:46261/__cypress/runner/cypress_runner.js:167415:23)\n    at Function.Promise.attempt.Promise.try (http://localhost:46261/__cypress/runner/cypress_runner.js:164690:29)\n    at Context.thenFn (http://localhost:46261/__cypress/runner/cypress_runner.js:136599:23)\n    at Context.then (http://localhost:46261/__cypress/runner/cypress_runner.js:136971:21)\n    at Context.<anonymous> (http://localhost:46261/__cypress/runner/cypress_runner.js:148875:21)\n    at http://localhost:46261/__cypress/runner/cypress_runner.js:148351:33\n    at tryCatcher (http://localhost:46261/__cypress/runner/cypress_runner.js:167415:23)\n    at Promise._settlePromiseFromHandler (http://localhost:46261/__cypress/runner/cypress_runner.js:165351:31)\n    at Promise._settlePromise (http://localhost:46261/__cypress/runner/cypress_runner.js:165408:18)\n    at Promise._settlePromiseCtx (http://localhost:46261/__cypress/runner/cypress_runner.js:165445:10)\n    at Async../node_modules/bluebird/js/release/async.js.Async._drainQueue (http://localhost:46261/__cypress/runner/cypress_runner.js:162145:12)\n    at Async../node_modules/bluebird/js/release/async.js.Async._drainQueues (http://localhost:46261/__cypress/runner/cypress_runner.js:162150:10)\n    at Async.drainQueues (http://localhost:46261/__cypress/runner/cypress_runner.js:162024:14)",
                "diff": ""
              },
              "uuid": "5470a76c-0739-4197-8f96-78610fa45615",
              "parentUUID": "1bc62fc1-f7cc-4dcc-868e-78880316af82",
              "isHook": false,
              "skipped": false
            },
            {
              "title": "Verifica se a cor preta ainda está presente e é a primeira na sua paleta de cores",
              "fullTitle": "12 - Faça com que as cores da paleta sejam geradas aleatoriamente ao carregar a página. Verifica se a cor preta ainda está presente e é a primeira na sua paleta de cores",
              "timedOut": null,
              "duration": 242,
              "state": "failed",
              "speed": null,
              "pass": false,
              "fail": true,
              "pending": false,
              "context": null,
              "code": "cy.get('.color').then(function (colors) {\n  var currentColors;\n  var previousColors;\n  previousColors = Array.from(colors).map(function (color) {\n    return Cypress.$(color).css('background-color');\n  });\n  expect(previousColors[0]).to.eq(BLACK);\n  for (var i = 0; i < 5; i += 1) {\n    cy.reload();\n    cy.get('.color').then(function (colors) {\n      currentColors = Array.from(colors).map(function (color) {\n        return Cypress.$(color).css('background-color');\n      });\n      expect(currentColors[0]).to.eq(BLACK);\n      expect(currentColors).not.to.deep.equal(previousColors);\n      previousColors = currentColors;\n    });\n  }\n});",
              "err": {
                "message": "AssertionError: expected [ Array(4) ] to not deeply equal [ Array(4) ]",
                "estack": "AssertionError: expected [ Array(4) ] to not deeply equal [ Array(4) ]\n    at getRet (http://localhost:46261/__cypress/runner/cypress_runner.js:136585:16)\n    at tryCatcher (http://localhost:46261/__cypress/runner/cypress_runner.js:167415:23)\n    at Function.Promise.attempt.Promise.try (http://localhost:46261/__cypress/runner/cypress_runner.js:164690:29)\n    at Context.thenFn (http://localhost:46261/__cypress/runner/cypress_runner.js:136599:23)\n    at Context.then (http://localhost:46261/__cypress/runner/cypress_runner.js:136971:21)\n    at Context.<anonymous> (http://localhost:46261/__cypress/runner/cypress_runner.js:148875:21)\n    at http://localhost:46261/__cypress/runner/cypress_runner.js:148351:33\n    at tryCatcher (http://localhost:46261/__cypress/runner/cypress_runner.js:167415:23)\n    at Promise._settlePromiseFromHandler (http://localhost:46261/__cypress/runner/cypress_runner.js:165351:31)\n    at Promise._settlePromise (http://localhost:46261/__cypress/runner/cypress_runner.js:165408:18)\n    at Promise._settlePromiseCtx (http://localhost:46261/__cypress/runner/cypress_runner.js:165445:10)\n    at Async../node_modules/bluebird/js/release/async.js.Async._drainQueue (http://localhost:46261/__cypress/runner/cypress_runner.js:162145:12)\n    at Async../node_modules/bluebird/js/release/async.js.Async._drainQueues (http://localhost:46261/__cypress/runner/cypress_runner.js:162150:10)\n    at Async.drainQueues (http://localhost:46261/__cypress/runner/cypress_runner.js:162024:14)",
                "diff": ""
              },
              "uuid": "1247bf7d-4c32-4452-bdff-0846a19cb16e",
              "parentUUID": "1bc62fc1-f7cc-4dcc-868e-78880316af82",
              "isHook": false,
              "skipped": false
            }
          ],
          "suites": [],
          "passes": [],
          "failures": [
            "5470a76c-0739-4197-8f96-78610fa45615",
            "1247bf7d-4c32-4452-bdff-0846a19cb16e"
          ],
          "pending": [],
          "skipped": [],
          "duration": 503,
          "root": false,
          "rootEmpty": false,
          "_timeout": 2000
        }
      ],
      "passes": [],
      "failures": [],
      "pending": [],
      "skipped": [],
      "duration": 0,
      "root": true,
      "rootEmpty": true,
      "_timeout": 2000
    }
  ],
  "meta": {
    "mocha": {
      "version": "7.0.1"
    },
    "mochawesome": {
      "options": {
        "quiet": false,
        "reportFilename": "mochawesome",
        "saveHtml": false,
        "saveJson": true,
        "consoleReporter": "spec",
        "useInlineDiffs": false
      },
      "version": "4.1.0"
    },
    "marge": {
      "options": {
        "id": "default",
        "reportDir": "cypress/reports",
        "overwrite": true,
        "html": false,
        "json": true
      },
      "version": "4.1.0"
    }
  }
}